2024-06-03T08:40:20  chore: IRONCLAD hardening pass
2024-07-06T15:57:27  chore(fixtures): add --fail-on threshold handling
2024-07-21T10:14:34  perf(report): clarify the README quickstart
2024-08-06T17:31:41  ci(docs): add a --format json alias
2024-08-21T12:48:48  feat(cache): add color + severity icons
2024-09-07T19:05:55  chore: bump dev tooling
2024-09-22T14:22:02  test(deps): reduce false positives on edge cases
2024-10-07T09:39:09  build(scoring): cover the multiline case
2024-11-10T16:56:16  fix(engine): simplify the walker
2024-11-26T11:13:23  refactor(ci): dedupe overlapping findings
2024-12-12T18:30:30  chore: routine maintenance
2024-12-27T13:47:37  build(parser): improve the demo scenario
2025-01-11T08:04:44  chore: ATHENA-PRIME calibration
2025-01-28T15:21:51  chore(config): add a JSON schema for output
2025-03-02T10:38:58  refactor(scan): short-circuit on first critical
2025-03-18T17:55:05  style(core): stream large files without buffering
2025-04-02T12:12:12  feat(output): tune severity weights
2025-04-18T19:29:19  docs: expand examples
2025-05-04T14:46:26  perf(fixtures): add --fail-on threshold handling
2025-05-19T09:03:33  ci(report): clarify the README quickstart
2025-06-04T16:20:40  fix(docs): add a --format json alias
2025-07-07T11:37:47  docs(cache): add color + severity icons
